<?xml version="1.0" encoding="UTF-8"?>
<!-- Generated by org.testng.reporters.JUnitReportReporter -->
<testsuite hostname="DESKTOP-6CIC8LT" failures="0" tests="2" name="com.HybridProject.AppLoginTest" time="6.851" errors="0" timestamp="2021-05-22T11:21:32 IST" skipped="0">
  <testcase classname="com.HybridProject.AppLoginTest" name="browserlanch" time="6.722"/>
  <system-out/>
  <testcase classname="com.HybridProject.AppLoginTest" name="browserlanchInvalid" time="0.129"/>
  <system-out/>
</testsuite> <!-- com.HybridProject.AppLoginTest -->
